<?xml version="1.0" encoding="UTF-8"?>
<testsuite xmlns:xsi="http://www.w3.org/2001/XMLSchema-instance" xsi:noNamespaceSchemaLocation="https://maven.apache.org/surefire/maven-surefire-plugin/xsd/surefire-test-report.xsd" name="edu.postech.csed332.homework1.GameTest" time="0.045" tests="5" errors="3" skipped="0" failures="1">
  <properties>
[...]
</properties>
  <testcase name="testPlaceUnit" classname="edu.postech.csed332.homework1.GameTest" time="0.03">
    <error message="class edu.postech.csed332.homework1.GroundMob cannot be cast to class java.lang.Comparable (edu.postech.csed332.homework1.GroundMob is in unnamed module of loader &apos;app&apos;; java.lang.Comparable is in module java.base of loader &apos;bootstrap&apos;)" type="java.lang.ClassCastException">java.lang.ClassCastException: class edu.postech.csed332.homework1.GroundMob cannot be cast to class java.lang.Comparable (edu.postech.csed332.homework1.GroundMob is in unnamed module of loader 'app'; java.lang.Comparable is in module java.base of loader 'bootstrap')
	at edu.postech.csed332.homework1.GameTest.testPlaceUnit(GameTest.java:25)
</error>
    <system-out><![CDATA[got to the object adding part
got to instanceof
got to the first casting
created casted temp variable
]]></system-out>
  </testcase>
  <testcase name="testPlaceTwoUnits" classname="edu.postech.csed332.homework1.GameTest" time="0.001">
    <error message="class edu.postech.csed332.homework1.AirMob cannot be cast to class java.lang.Comparable (edu.postech.csed332.homework1.AirMob is in unnamed module of loader &apos;app&apos;; java.lang.Comparable is in module java.base of loader &apos;bootstrap&apos;)" type="java.lang.ClassCastException">java.lang.ClassCastException: class edu.postech.csed332.homework1.AirMob cannot be cast to class java.lang.Comparable (edu.postech.csed332.homework1.AirMob is in unnamed module of loader 'app'; java.lang.Comparable is in module java.base of loader 'bootstrap')
	at edu.postech.csed332.homework1.GameTest.testPlaceTwoUnits(GameTest.java:48)
</error>
    <system-out><![CDATA[got to the object adding part
]]></system-out>
  </testcase>
  <testcase name="testGroundAttack" classname="edu.postech.csed332.homework1.GameTest" time="0.002">
    <error message="class edu.postech.csed332.homework1.GroundTower cannot be cast to class java.lang.Comparable (edu.postech.csed332.homework1.GroundTower is in unnamed module of loader &apos;app&apos;; java.lang.Comparable is in module java.base of loader &apos;bootstrap&apos;)" type="java.lang.ClassCastException">java.lang.ClassCastException: class edu.postech.csed332.homework1.GroundTower cannot be cast to class java.lang.Comparable (edu.postech.csed332.homework1.GroundTower is in unnamed module of loader 'app'; java.lang.Comparable is in module java.base of loader 'bootstrap')
	at edu.postech.csed332.homework1.GameTest.testGroundAttack(GameTest.java:64)
</error>
    <system-out><![CDATA[got to the object adding part
]]></system-out>
  </testcase>
  <testcase name="testPlaceUnitInvalid" classname="edu.postech.csed332.homework1.GameTest" time="0.006">
    <failure message="Unexpected exception type thrown ==&gt; expected: &lt;java.lang.IllegalArgumentException&gt; but was: &lt;java.lang.ClassCastException&gt;" type="org.opentest4j.AssertionFailedError"><![CDATA[org.opentest4j.AssertionFailedError: Unexpected exception type thrown ==> expected: <java.lang.IllegalArgumentException> but was: <java.lang.ClassCastException>
	at edu.postech.csed332.homework1.GameTest.testPlaceUnitInvalid(GameTest.java:36)
Caused by: java.lang.ClassCastException: class edu.postech.csed332.homework1.GroundMob cannot be cast to class java.lang.Comparable (edu.postech.csed332.homework1.GroundMob is in unnamed module of loader 'app'; java.lang.Comparable is in module java.base of loader 'bootstrap')
	at edu.postech.csed332.homework1.GameTest.lambda$testPlaceUnitInvalid$0(GameTest.java:37)
	at edu.postech.csed332.homework1.GameTest.testPlaceUnitInvalid(GameTest.java:36)
]]></failure>
    <system-out><![CDATA[got to the object adding part
got to instanceof
got to the first casting
created casted temp variable
]]></system-out>
  </testcase>
  <testcase name="testGameBoard" classname="edu.postech.csed332.homework1.GameTest" time="0.001"/>
</testsuite>