<?xml version="1.0" encoding="UTF-8"?>
<testsuite xmlns:xsi="http://www.w3.org/2001/XMLSchema-instance" xsi:noNamespaceSchemaLocation="https://maven.apache.org/surefire/maven-surefire-plugin/xsd/surefire-test-report.xsd" name="edu.postech.csed332.homework1.GameTest" time="0.045" tests="5" errors="3" skipped="0" failures="1">
  <properties>
    <property name="sun.desktop" value="windows"/>
    <property name="awt.toolkit" value="sun.awt.windows.WToolkit"/>
    <property name="java.specification.version" value="12"/>
    <property name="sun.cpu.isalist" value="amd64"/>
    <property name="sun.jnu.encoding" value="Cp1252"/>
    <property name="java.class.path" value="D:\Documents\Course Notes\Software Design Methods\homework1\homework1\problem2\target\test-classes;D:\Documents\Course Notes\Software Design Methods\homework1\homework1\problem2\target\classes;C:\Users\louis\.m2\repository\org\junit\jupiter\junit-jupiter\5.5.2\junit-jupiter-5.5.2.jar;C:\Users\louis\.m2\repository\org\junit\jupiter\junit-jupiter-api\5.5.2\junit-jupiter-api-5.5.2.jar;C:\Users\louis\.m2\repository\org\apiguardian\apiguardian-api\1.1.0\apiguardian-api-1.1.0.jar;C:\Users\louis\.m2\repository\org\opentest4j\opentest4j\1.2.0\opentest4j-1.2.0.jar;C:\Users\louis\.m2\repository\org\junit\platform\junit-platform-commons\1.5.2\junit-platform-commons-1.5.2.jar;C:\Users\louis\.m2\repository\org\junit\jupiter\junit-jupiter-params\5.5.2\junit-jupiter-params-5.5.2.jar;C:\Users\louis\.m2\repository\org\junit\jupiter\junit-jupiter-engine\5.5.2\junit-jupiter-engine-5.5.2.jar;C:\Users\louis\.m2\repository\org\junit\platform\junit-platform-engine\1.5.2\junit-platform-engine-1.5.2.jar;"/>
    <property name="java.vm.vendor" value="Oracle Corporation"/>
    <property name="sun.arch.data.model" value="64"/>
    <property name="user.variant" value=""/>
    <property name="java.vendor.url" value="https://java.oracle.com/"/>
    <property name="user.timezone" value="Asia/Seoul"/>
    <property name="os.name" value="Windows 10"/>
    <property name="java.vm.specification.version" value="12"/>
    <property name="sun.java.launcher" value="SUN_STANDARD"/>
    <property name="user.country" value="FR"/>
    <property name="sun.boot.library.path" value="D:\Program files\JavaDK\bin"/>
    <property name="sun.java.command" value="C:\Users\louis\AppData\Local\Temp\surefire4792689422769438764\surefirebooter1296993178451647727.jar C:\Users\louis\AppData\Local\Temp\surefire4792689422769438764 2019-09-24T22-14-21_067-jvmRun1 surefire84516744782915651tmp surefire_05575489490590039983tmp"/>
    <property name="jdk.debug" value="release"/>
    <property name="surefire.test.class.path" value="D:\Documents\Course Notes\Software Design Methods\homework1\homework1\problem2\target\test-classes;D:\Documents\Course Notes\Software Design Methods\homework1\homework1\problem2\target\classes;C:\Users\louis\.m2\repository\org\junit\jupiter\junit-jupiter\5.5.2\junit-jupiter-5.5.2.jar;C:\Users\louis\.m2\repository\org\junit\jupiter\junit-jupiter-api\5.5.2\junit-jupiter-api-5.5.2.jar;C:\Users\louis\.m2\repository\org\apiguardian\apiguardian-api\1.1.0\apiguardian-api-1.1.0.jar;C:\Users\louis\.m2\repository\org\opentest4j\opentest4j\1.2.0\opentest4j-1.2.0.jar;C:\Users\louis\.m2\repository\org\junit\platform\junit-platform-commons\1.5.2\junit-platform-commons-1.5.2.jar;C:\Users\louis\.m2\repository\org\junit\jupiter\junit-jupiter-params\5.5.2\junit-jupiter-params-5.5.2.jar;C:\Users\louis\.m2\repository\org\junit\jupiter\junit-jupiter-engine\5.5.2\junit-jupiter-engine-5.5.2.jar;C:\Users\louis\.m2\repository\org\junit\platform\junit-platform-engine\1.5.2\junit-platform-engine-1.5.2.jar;"/>
    <property name="sun.cpu.endian" value="little"/>
    <property name="user.home" value="C:\Users\louis"/>
    <property name="user.language" value="fr"/>
    <property name="java.specification.vendor" value="Oracle Corporation"/>
    <property name="java.version.date" value="2019-07-16"/>
    <property name="java.home" value="D:\Program files\JavaDK"/>
    <property name="file.separator" value="\"/>
    <property name="basedir" value="D:\Documents\Course Notes\Software Design Methods\homework1\homework1\problem2"/>
    <property name="java.vm.compressedOopsMode" value="32-bit"/>
    <property name="line.separator" value="&#10;"/>
    <property name="java.vm.specification.vendor" value="Oracle Corporation"/>
    <property name="java.specification.name" value="Java Platform API Specification"/>
    <property name="java.awt.graphicsenv" value="sun.awt.Win32GraphicsEnvironment"/>
    <property name="surefire.real.class.path" value="C:\Users\louis\AppData\Local\Temp\surefire4792689422769438764\surefirebooter1296993178451647727.jar"/>
    <property name="user.script" value=""/>
    <property name="sun.management.compiler" value="HotSpot 64-Bit Tiered Compilers"/>
    <property name="java.runtime.version" value="12.0.2+10"/>
    <property name="user.name" value="Louis"/>
    <property name="path.separator" value=";"/>
    <property name="os.version" value="10.0"/>
    <property name="java.runtime.name" value="Java(TM) SE Runtime Environment"/>
    <property name="file.encoding" value="Cp1252"/>
    <property name="java.vm.name" value="Java HotSpot(TM) 64-Bit Server VM"/>
    <property name="localRepository" value="C:\Users\louis\.m2\repository"/>
    <property name="java.vendor.url.bug" value="https://bugreport.java.com/bugreport/"/>
    <property name="java.io.tmpdir" value="C:\Users\louis\AppData\Local\Temp\"/>
    <property name="java.version" value="12.0.2"/>
    <property name="user.dir" value="D:\Documents\Course Notes\Software Design Methods\homework1\homework1\problem2"/>
    <property name="os.arch" value="amd64"/>
    <property name="java.vm.specification.name" value="Java Virtual Machine Specification"/>
    <property name="sun.os.patch.level" value=""/>
    <property name="java.library.path" value="D:\Program files\JavaDK\bin;C:\WINDOWS\Sun\Java\bin;C:\WINDOWS\system32;C:\WINDOWS;C:\Users\louis\bin;D:\Program files\Git\mingw64\bin;D:\Program files\Git\usr\local\bin;D:\Program files\Git\usr\bin;D:\Program files\Git\usr\bin;D:\Program files\Git\mingw64\bin;D:\Program files\Git\usr\bin;C:\Users\louis\bin;C:\Program Files (x86)\Intel\Intel(R) Management Engine Components\iCLS;C:\Program Files\Intel\Intel(R) Management Engine Components\iCLS;C:\Windows\system32;C:\Windows;C:\Windows\System32\Wbem;C:\Windows\System32\WindowsPowerShell\v1.0;C:\Program Files (x86)\Intel\Intel(R) Management Engine Components\DAL;C:\Program Files\Intel\Intel(R) Management Engine Components\DAL;C:\Program Files (x86)\Intel\Intel(R) Management Engine Components\IPT;C:\Program Files\Intel\Intel(R) Management Engine Components\IPT;C:\Program Files (x86)\NVIDIA Corporation\PhysX\Common;C:\WINDOWS\system32;C:\WINDOWS;C:\WINDOWS\System32\Wbem;C:\WINDOWS\System32\WindowsPowerShell\v1.0;C:\WINDOWS\System32\OpenSSH;D:\Program files\Git\cmd;C:\Users\louis\AppData\Local\Microsoft\WindowsApps;D:\Program files\JavaDK\bin;D:\Program files\IntelliJ IDEA\IntelliJ IDEA Community Edition 2019.2.2\bin;D:\Program files\apache-maven-3.6.2\bin;D:\Program files\Git\usr\bin\vendor_perl;D:\Program files\Git\usr\bin\core_perl;."/>
    <property name="java.vm.info" value="mixed mode, sharing"/>
    <property name="java.vendor" value="Oracle Corporation"/>
    <property name="java.vm.version" value="12.0.2+10"/>
    <property name="sun.io.unicode.encoding" value="UnicodeLittle"/>
    <property name="java.class.version" value="56.0"/>
  </properties>
  <testcase name="testPlaceUnit" classname="edu.postech.csed332.homework1.GameTest" time="0.03">
    <error message="class edu.postech.csed332.homework1.GroundMob cannot be cast to class java.lang.Comparable (edu.postech.csed332.homework1.GroundMob is in unnamed module of loader &apos;app&apos;; java.lang.Comparable is in module java.base of loader &apos;bootstrap&apos;)" type="java.lang.ClassCastException">java.lang.ClassCastException: class edu.postech.csed332.homework1.GroundMob cannot be cast to class java.lang.Comparable (edu.postech.csed332.homework1.GroundMob is in unnamed module of loader 'app'; java.lang.Comparable is in module java.base of loader 'bootstrap')
	at edu.postech.csed332.homework1.GameTest.testPlaceUnit(GameTest.java:25)
</error>
    <system-out><![CDATA[got to the object adding part
got to instanceof
got to the first casting
created casted temp variable
]]></system-out>
  </testcase>
  <testcase name="testPlaceTwoUnits" classname="edu.postech.csed332.homework1.GameTest" time="0.001">
    <error message="class edu.postech.csed332.homework1.AirMob cannot be cast to class java.lang.Comparable (edu.postech.csed332.homework1.AirMob is in unnamed module of loader &apos;app&apos;; java.lang.Comparable is in module java.base of loader &apos;bootstrap&apos;)" type="java.lang.ClassCastException">java.lang.ClassCastException: class edu.postech.csed332.homework1.AirMob cannot be cast to class java.lang.Comparable (edu.postech.csed332.homework1.AirMob is in unnamed module of loader 'app'; java.lang.Comparable is in module java.base of loader 'bootstrap')
	at edu.postech.csed332.homework1.GameTest.testPlaceTwoUnits(GameTest.java:48)
</error>
    <system-out><![CDATA[got to the object adding part
]]></system-out>
  </testcase>
  <testcase name="testGroundAttack" classname="edu.postech.csed332.homework1.GameTest" time="0.002">
    <error message="class edu.postech.csed332.homework1.GroundTower cannot be cast to class java.lang.Comparable (edu.postech.csed332.homework1.GroundTower is in unnamed module of loader &apos;app&apos;; java.lang.Comparable is in module java.base of loader &apos;bootstrap&apos;)" type="java.lang.ClassCastException">java.lang.ClassCastException: class edu.postech.csed332.homework1.GroundTower cannot be cast to class java.lang.Comparable (edu.postech.csed332.homework1.GroundTower is in unnamed module of loader 'app'; java.lang.Comparable is in module java.base of loader 'bootstrap')
	at edu.postech.csed332.homework1.GameTest.testGroundAttack(GameTest.java:64)
</error>
    <system-out><![CDATA[got to the object adding part
]]></system-out>
  </testcase>
  <testcase name="testPlaceUnitInvalid" classname="edu.postech.csed332.homework1.GameTest" time="0.006">
    <failure message="Unexpected exception type thrown ==&gt; expected: &lt;java.lang.IllegalArgumentException&gt; but was: &lt;java.lang.ClassCastException&gt;" type="org.opentest4j.AssertionFailedError"><![CDATA[org.opentest4j.AssertionFailedError: Unexpected exception type thrown ==> expected: <java.lang.IllegalArgumentException> but was: <java.lang.ClassCastException>
	at edu.postech.csed332.homework1.GameTest.testPlaceUnitInvalid(GameTest.java:36)
Caused by: java.lang.ClassCastException: class edu.postech.csed332.homework1.GroundMob cannot be cast to class java.lang.Comparable (edu.postech.csed332.homework1.GroundMob is in unnamed module of loader 'app'; java.lang.Comparable is in module java.base of loader 'bootstrap')
	at edu.postech.csed332.homework1.GameTest.lambda$testPlaceUnitInvalid$0(GameTest.java:37)
	at edu.postech.csed332.homework1.GameTest.testPlaceUnitInvalid(GameTest.java:36)
]]></failure>
    <system-out><![CDATA[got to the object adding part
got to instanceof
got to the first casting
created casted temp variable
]]></system-out>
  </testcase>
  <testcase name="testGameBoard" classname="edu.postech.csed332.homework1.GameTest" time="0.001"/>
</testsuite>